Started GET "/" for 127.0.0.1 at 2023-02-02 12:08:36 +0200
Processing by Rails::WelcomeController#index as HTML
  Rendering C:/Ruby31-x64/lib/ruby/gems/3.1.0/gems/railties-7.0.4.2/lib/rails/templates/rails/welcome/index.html.erb
  Rendered C:/Ruby31-x64/lib/ruby/gems/3.1.0/gems/railties-7.0.4.2/lib/rails/templates/rails/welcome/index.html.erb (Duration: 73.5ms | Allocations: 631)
Completed 200 OK in 367ms (Views: 159.9ms | ActiveRecord: 0.0ms | Allocations: 5298)


  [1m[35m (10.2ms)[0m  [1m[35mCREATE TABLE "schema_migrations" ("version" varchar NOT NULL PRIMARY KEY)[0m
  [1m[35m (7.6ms)[0m  [1m[35mCREATE TABLE "ar_internal_metadata" ("key" varchar NOT NULL PRIMARY KEY, "value" varchar, "created_at" datetime(6) NOT NULL, "updated_at" datetime(6) NOT NULL)[0m
  [1m[36mActiveRecord::SchemaMigration Pluck (0.7ms)[0m  [1m[34mSELECT "schema_migrations"."version" FROM "schema_migrations" ORDER BY "schema_migrations"."version" ASC[0m
Migrating to CreateCategories (20230204111319)
  [1m[36mTRANSACTION (0.2ms)[0m  [1m[36mbegin transaction[0m
  [1m[35m (4.6ms)[0m  [1m[35mCREATE TABLE "categories" ("id" integer PRIMARY KEY AUTOINCREMENT NOT NULL, "name" varchar, "description" varchar, "created_at" datetime(6) NOT NULL, "updated_at" datetime(6) NOT NULL)[0m
  [1m[36mActiveRecord::SchemaMigration Create (0.6ms)[0m  [1m[32mINSERT INTO "schema_migrations" ("version") VALUES (?)[0m  [["version", "20230204111319"]]
  [1m[36mTRANSACTION (5.7ms)[0m  [1m[36mcommit transaction[0m
  [1m[36mActiveRecord::InternalMetadata Load (0.6ms)[0m  [1m[34mSELECT "ar_internal_metadata".* FROM "ar_internal_metadata" WHERE "ar_internal_metadata"."key" = ? LIMIT ?[0m  [["key", "environment"], ["LIMIT", 1]]
  [1m[36mTRANSACTION (0.1ms)[0m  [1m[36mbegin transaction[0m
  [1m[36mActiveRecord::InternalMetadata Create (3.7ms)[0m  [1m[32mINSERT INTO "ar_internal_metadata" ("key", "value", "created_at", "updated_at") VALUES (?, ?, ?, ?)[0m  [["key", "environment"], ["value", "development"], ["created_at", "2023-02-04 11:14:32.804194"], ["updated_at", "2023-02-04 11:14:32.804194"]]
  [1m[36mTRANSACTION (4.6ms)[0m  [1m[36mcommit transaction[0m
  [1m[36mActiveRecord::SchemaMigration Pluck (0.5ms)[0m  [1m[34mSELECT "schema_migrations"."version" FROM "schema_migrations" ORDER BY "schema_migrations"."version" ASC[0m
  [1m[36mActiveRecord::SchemaMigration Pluck (0.6ms)[0m  [1m[34mSELECT "schema_migrations"."version" FROM "schema_migrations" ORDER BY "schema_migrations"."version" ASC[0m
Migrating to CreateOperations (20230204111635)
  [1m[36mTRANSACTION (0.2ms)[0m  [1m[36mbegin transaction[0m
  [1m[35m (3.1ms)[0m  [1m[35mCREATE TABLE "operations" ("id" integer PRIMARY KEY AUTOINCREMENT NOT NULL, "amount" decimal, "odate" datetime(6), "description" varchar, "category_id" integer NOT NULL, "created_at" datetime(6) NOT NULL, "updated_at" datetime(6) NOT NULL, CONSTRAINT "fk_rails_4c77c6fd0f"
FOREIGN KEY ("category_id")
  REFERENCES "categories" ("id")
)[0m
  [1m[35m (0.4ms)[0m  [1m[35mCREATE INDEX "index_operations_on_category_id" ON "operations" ("category_id")[0m
  [1m[36mActiveRecord::SchemaMigration Create (0.6ms)[0m  [1m[32mINSERT INTO "schema_migrations" ("version") VALUES (?)[0m  [["version", "20230204111635"]]
  [1m[36mTRANSACTION (6.8ms)[0m  [1m[36mcommit transaction[0m
  [1m[36mActiveRecord::InternalMetadata Load (0.7ms)[0m  [1m[34mSELECT "ar_internal_metadata".* FROM "ar_internal_metadata" WHERE "ar_internal_metadata"."key" = ? LIMIT ?[0m  [["key", "environment"], ["LIMIT", 1]]
  [1m[36mActiveRecord::SchemaMigration Pluck (0.6ms)[0m  [1m[34mSELECT "schema_migrations"."version" FROM "schema_migrations" ORDER BY "schema_migrations"."version" ASC[0m
  [1m[36mActiveRecord::SchemaMigration Pluck (0.5ms)[0m  [1m[34mSELECT "schema_migrations"."version" FROM "schema_migrations" ORDER BY "schema_migrations"."version" ASC[0m
  [1m[36mActiveRecord::InternalMetadata Load (0.5ms)[0m  [1m[34mSELECT "ar_internal_metadata".* FROM "ar_internal_metadata" WHERE "ar_internal_metadata"."key" = ? LIMIT ?[0m  [["key", "environment"], ["LIMIT", 1]]
  [1m[36mActiveRecord::SchemaMigration Pluck (0.6ms)[0m  [1m[34mSELECT "schema_migrations"."version" FROM "schema_migrations" ORDER BY "schema_migrations"."version" ASC[0m
Started GET "/" for 127.0.0.1 at 2023-02-04 13:18:43 +0200
  [1m[36mActiveRecord::SchemaMigration Pluck (0.7ms)[0m  [1m[34mSELECT "schema_migrations"."version" FROM "schema_migrations" ORDER BY "schema_migrations"."version" ASC[0m
Processing by Rails::WelcomeController#index as HTML
  Rendering C:/Ruby31-x64/lib/ruby/gems/3.1.0/gems/railties-7.0.4.2/lib/rails/templates/rails/welcome/index.html.erb
  Rendered C:/Ruby31-x64/lib/ruby/gems/3.1.0/gems/railties-7.0.4.2/lib/rails/templates/rails/welcome/index.html.erb (Duration: 105.6ms | Allocations: 502)
Completed 200 OK in 655ms (Views: 286.6ms | ActiveRecord: 0.0ms | Allocations: 3623)


Started GET "/categories" for 127.0.0.1 at 2023-02-04 13:18:46 +0200
Processing by CategoriesController#index as HTML
  Rendering layout layouts/application.html.erb
  Rendering categories/index.html.erb within layouts/application
  [1m[36mCategory Load (0.6ms)[0m  [1m[34mSELECT "categories".* FROM "categories"[0m
  ↳ app/views/categories/index.html.erb:6
  Rendered categories/index.html.erb within layouts/application (Duration: 11.2ms | Allocations: 1350)
  Rendered layout layouts/application.html.erb (Duration: 6746.9ms | Allocations: 98826)
Completed 200 OK in 6896ms (Views: 6761.7ms | ActiveRecord: 0.6ms | Allocations: 102068)


  [1m[36mActiveRecord::SchemaMigration Pluck (0.8ms)[0m  [1m[34mSELECT "schema_migrations"."version" FROM "schema_migrations" ORDER BY "schema_migrations"."version" ASC[0m
  [1m[36mActiveRecord::InternalMetadata Load (0.9ms)[0m  [1m[34mSELECT "ar_internal_metadata".* FROM "ar_internal_metadata" WHERE "ar_internal_metadata"."key" = ? LIMIT ?[0m  [["key", "environment"], ["LIMIT", 1]]
  [1m[36mActiveRecord::SchemaMigration Pluck (0.4ms)[0m  [1m[34mSELECT "schema_migrations"."version" FROM "schema_migrations" ORDER BY "schema_migrations"."version" ASC[0m
  [1m[36mActiveRecord::SchemaMigration Pluck (0.3ms)[0m  [1m[34mSELECT "schema_migrations"."version" FROM "schema_migrations" ORDER BY "schema_migrations"."version" ASC[0m
  [1m[36mActiveRecord::InternalMetadata Load (0.4ms)[0m  [1m[34mSELECT "ar_internal_metadata".* FROM "ar_internal_metadata" WHERE "ar_internal_metadata"."key" = ? LIMIT ?[0m  [["key", "environment"], ["LIMIT", 1]]
  [1m[36mActiveRecord::SchemaMigration Pluck (0.7ms)[0m  [1m[34mSELECT "schema_migrations"."version" FROM "schema_migrations" ORDER BY "schema_migrations"."version" ASC[0m
  [1m[36mCategory Exists? (0.5ms)[0m  [1m[34mSELECT 1 AS one FROM "categories" WHERE "categories"."name" = ? LIMIT ?[0m  [["name", "Peoducts"], ["LIMIT", 1]]
  [1m[36mCategory Exists? (0.5ms)[0m  [1m[34mSELECT 1 AS one FROM "categories" WHERE "categories"."name" = ? LIMIT ?[0m  [["name", "Products"], ["LIMIT", 1]]
  [1m[36mTRANSACTION (0.1ms)[0m  [1m[36mbegin transaction[0m
  [1m[36mCategory Exists? (0.7ms)[0m  [1m[34mSELECT 1 AS one FROM "categories" WHERE "categories"."name" = ? LIMIT ?[0m  [["name", "Products"], ["LIMIT", 1]]
  [1m[36mCategory Create (3.3ms)[0m  [1m[32mINSERT INTO "categories" ("name", "description", "created_at", "updated_at") VALUES (?, ?, ?, ?)[0m  [["name", "Products"], ["description", "Eating products"], ["created_at", "2023-02-05 11:59:30.275079"], ["updated_at", "2023-02-05 11:59:30.275079"]]
  [1m[36mTRANSACTION (5.3ms)[0m  [1m[36mcommit transaction[0m
  [1m[36mCategory Exists? (0.4ms)[0m  [1m[34mSELECT 1 AS one FROM "categories" WHERE "categories"."name" = ? AND "categories"."id" != ? LIMIT ?[0m  [["name", "Products"], ["id", 1], ["LIMIT", 1]]
  [1m[36mCategory Destroy (7.7ms)[0m  [1m[31mDELETE FROM "categories" WHERE "categories"."id" = ?[0m  [["id", 1]]
  [1m[36mActiveRecord::SchemaMigration Pluck (0.3ms)[0m  [1m[34mSELECT "schema_migrations"."version" FROM "schema_migrations" ORDER BY "schema_migrations"."version" ASC[0m
  [1m[36mActiveRecord::InternalMetadata Load (0.3ms)[0m  [1m[34mSELECT "ar_internal_metadata".* FROM "ar_internal_metadata" WHERE "ar_internal_metadata"."key" = ? LIMIT ?[0m  [["key", "environment"], ["LIMIT", 1]]
  [1m[36mActiveRecord::SchemaMigration Pluck (0.2ms)[0m  [1m[34mSELECT "schema_migrations"."version" FROM "schema_migrations" ORDER BY "schema_migrations"."version" ASC[0m
Started GET "/" for 127.0.0.1 at 2023-02-05 14:23:44 +0200
  [1m[36mActiveRecord::SchemaMigration Pluck (0.5ms)[0m  [1m[34mSELECT "schema_migrations"."version" FROM "schema_migrations" ORDER BY "schema_migrations"."version" ASC[0m
Processing by MainController#index as HTML
  Rendering layout layouts/application.html.erb
  Rendering main/index.html.erb within layouts/application
  Rendered main/index.html.erb within layouts/application (Duration: 17.3ms | Allocations: 308)
  Rendered layout layouts/application.html.erb (Duration: 879.3ms | Allocations: 36718)
Completed 200 OK in 1119ms (Views: 940.7ms | ActiveRecord: 0.0ms | Allocations: 40008)


Started GET "/" for 127.0.0.1 at 2023-02-05 14:52:32 +0200
  [1m[36mActiveRecord::SchemaMigration Pluck (0.4ms)[0m  [1m[34mSELECT "schema_migrations"."version" FROM "schema_migrations" ORDER BY "schema_migrations"."version" ASC[0m
Processing by MainController#index as HTML
  Rendering layout layouts/application.html.erb
  Rendering main/index.html.erb within layouts/application
  Rendered main/index.html.erb within layouts/application (Duration: 4.1ms | Allocations: 308)
  Rendered layout layouts/application.html.erb (Duration: 176.4ms | Allocations: 37356)
Completed 200 OK in 223ms (Views: 193.7ms | ActiveRecord: 0.0ms | Allocations: 40658)


Started GET "/reports/index" for 127.0.0.1 at 2023-02-05 14:52:47 +0200
Processing by ReportsController#index as HTML
  Rendering layout layouts/application.html.erb
  Rendering reports/index.html.erb within layouts/application
  Rendered reports/index.html.erb within layouts/application (Duration: 52.0ms | Allocations: 5674)
  Rendered layout layouts/application.html.erb (Duration: 52.7ms | Allocations: 5770)
Completed 500 Internal Server Error in 64ms (ActiveRecord: 0.0ms | Allocations: 6514)


  
ActionView::Template::Error (undefined local variable or method `report_by_category' for #<ActionView::Base:0x0000000000ba68>

'.freeze;@output_buffer.append=( link_to "Button text", controller_name_path(param: report_by_category), method: :post );
                                                                                    ^^^^^^^^^^^^^^^^^^
Did you mean?  reports_report_by_category_url):
    1: <h1>Reports#index</h1>
    2: <p>Find me in app/views/reports/index.html.erb</p>
    3: 
    4: <%= link_to "Button text", controller_name_path(param: report_by_category), method: :post %>
  
app/views/reports/index.html.erb:4
Started GET "/reports/index" for 127.0.0.1 at 2023-02-05 14:57:32 +0200
  [1m[36mActiveRecord::SchemaMigration Pluck (0.4ms)[0m  [1m[34mSELECT "schema_migrations"."version" FROM "schema_migrations" ORDER BY "schema_migrations"."version" ASC[0m
Processing by ReportsController#index as HTML
  Rendering layout layouts/application.html.erb
  Rendering reports/index.html.erb within layouts/application
  Rendered reports/index.html.erb within layouts/application (Duration: 24.4ms | Allocations: 1643)
  Rendered layout layouts/application.html.erb (Duration: 25.2ms | Allocations: 1752)
Completed 500 Internal Server Error in 68ms (ActiveRecord: 0.0ms | Allocations: 4995)


  
ActionView::SyntaxErrorInTemplate (Encountered a syntax error while rendering template: check <h1>Reports#index</h1>
<p>Find me in app/views/reports/index.html.erb</p>

<%= "Button text", controller_name_path(param: report_by_category), method: :post %>

):
1:    <h1>Reports#index</h1>
2:    <p>Find me in app/views/reports/index.html.erb</p>
3:    
4:    <%= "Button text", controller_name_path(param: report_by_category), method: :post %>
  
app/views/reports/index.html.erb:4: syntax error, unexpected ',', expecting ')'
app/views/reports/index.html.erb:4: syntax error, unexpected ',', expecting ')'
app/views/reports/index.html.erb:4: syntax error, unexpected ',', expecting ')'
app/views/reports/index.html.erb:4: syntax error, unexpected ',', expecting ')'
app/views/reports/index.html.erb:4: syntax error, unexpected ',', expecting ')'
app/views/reports/index.html.erb:4: syntax error, unexpected ',', expecting ')'
app/views/reports/index.html.erb:4: syntax error, unexpected ',', expecting ')'
app/views/reports/index.html.erb:4: syntax error, unexpected ',', expecting ')'
app/views/reports/index.html.erb:4: syntax error, unexpected ',', expecting ')'
app/views/reports/index.html.erb:4: syntax error, unexpected ',', expecting ')'
app/views/reports/index.html.erb:4: syntax error, unexpected ',', expecting ')'
app/views/reports/index.html.erb:4: syntax error, unexpected ',', expecting ')'
Started GET "/reports/index" for 127.0.0.1 at 2023-02-05 14:58:03 +0200
  [1m[36mActiveRecord::SchemaMigration Pluck (0.3ms)[0m  [1m[34mSELECT "schema_migrations"."version" FROM "schema_migrations" ORDER BY "schema_migrations"."version" ASC[0m
Processing by ReportsController#index as HTML
  Rendering layout layouts/application.html.erb
  Rendering reports/index.html.erb within layouts/application
  Rendered reports/index.html.erb within layouts/application (Duration: 17.9ms | Allocations: 1643)
  Rendered layout layouts/application.html.erb (Duration: 18.7ms | Allocations: 1752)
Completed 500 Internal Server Error in 50ms (ActiveRecord: 0.0ms | Allocations: 4995)


  
ActionView::SyntaxErrorInTemplate (Encountered a syntax error while rendering template: check <h1>Reports#index</h1>
<p>Find me in app/views/reports/index.html.erb</p>

<%= "Button text" controller_name_path(param: report_by_category) method: :post %>

):
1:    <h1>Reports#index</h1>
2:    <p>Find me in app/views/reports/index.html.erb</p>
3:    
4:    <%= "Button text" controller_name_path(param: report_by_category) method: :post %>
  
app/views/reports/index.html.erb:4: syntax error, unexpected local variable or method, expecting ')'
app/views/reports/index.html.erb:4: syntax error, unexpected label, expecting ')'
app/views/reports/index.html.erb:4: syntax error, unexpected local variable or method, expecting ')'
app/views/reports/index.html.erb:4: syntax error, unexpected label, expecting ')'
app/views/reports/index.html.erb:4: syntax error, unexpected local variable or method, expecting ')'
app/views/reports/index.html.erb:4: syntax error, unexpected label, expecting ')'
app/views/reports/index.html.erb:4: syntax error, unexpected local variable or method, expecting ')'
app/views/reports/index.html.erb:4: syntax error, unexpected label, expecting ')'
app/views/reports/index.html.erb:4: syntax error, unexpected local variable or method, expecting ')'
app/views/reports/index.html.erb:4: syntax error, unexpected label, expecting ')'
app/views/reports/index.html.erb:4: syntax error, unexpected local variable or method, expecting ')'
app/views/reports/index.html.erb:4: syntax error, unexpected label, expecting ')'
Started GET "/reports/index" for 127.0.0.1 at 2023-02-05 15:00:56 +0200
  [1m[36mActiveRecord::SchemaMigration Pluck (0.5ms)[0m  [1m[34mSELECT "schema_migrations"."version" FROM "schema_migrations" ORDER BY "schema_migrations"."version" ASC[0m
Processing by ReportsController#index as HTML
  Rendering layout layouts/application.html.erb
  Rendering reports/index.html.erb within layouts/application
  Rendered reports/index.html.erb within layouts/application (Duration: 67.1ms | Allocations: 2767)
  Rendered layout layouts/application.html.erb (Duration: 68.2ms | Allocations: 2875)
Completed 500 Internal Server Error in 122ms (ActiveRecord: 0.0ms | Allocations: 6117)


  
ActionView::Template::Error (Missing partial reports/_report_by_category with {:locale=>[:en], :formats=>[:html], :variants=>[], :handlers=>[:raw, :erb, :html, :builder, :ruby, :jbuilder]}.

Searched in:
  * "C:/rubyPrj/RubyPFM/app/views"
  * "C:/Ruby31-x64/lib/ruby/gems/3.1.0/gems/actiontext-7.0.4.2/app/views"
  * "C:/Ruby31-x64/lib/ruby/gems/3.1.0/gems/actionmailbox-7.0.4.2/app/views"

Did you mean?  operations/operation
               categories/category
               operations/form
               action_text/attachables/remote_image
               categories/form
               layouts/action_text/contents/content):
    1: <h1>Reports#index</h1>
    2: <p>Find me in app/views/reports/index.html.erb</p>
    3: 
    4: <%= render "reports/report_by_category" %>
  
app/views/reports/index.html.erb:4
Started GET "/reports/index" for 127.0.0.1 at 2023-02-05 15:03:01 +0200
  [1m[36mActiveRecord::SchemaMigration Pluck (0.3ms)[0m  [1m[34mSELECT "schema_migrations"."version" FROM "schema_migrations" ORDER BY "schema_migrations"."version" ASC[0m
Processing by ReportsController#index as HTML
  Rendering layout layouts/application.html.erb
  Rendering reports/index.html.erb within layouts/application
  Rendered reports/index.html.erb within layouts/application (Duration: 28.9ms | Allocations: 5225)
  Rendered layout layouts/application.html.erb (Duration: 29.5ms | Allocations: 5333)
Completed 500 Internal Server Error in 65ms (ActiveRecord: 0.0ms | Allocations: 8575)


  
ActionView::Template::Error (undefined method `controller_name_path' for #<ActionView::Base:0x0000000000b630>

'.freeze;@output_buffer.append=( link_to "Button text", controller_name_path(param: "reports/report_by_category"), method: :post );
                                                        ^^^^^^^^^^^^^^^^^^^^
Did you mean?  controller_name
               controller_path):
    1: <h1>Reports#index</h1>
    2: <p>Find me in app/views/reports/index.html.erb</p>
    3: 
    4: <%= link_to "Button text", controller_name_path(param: "reports/report_by_category"), method: :post %>
  
app/views/reports/index.html.erb:4
Started GET "/reports/index" for 127.0.0.1 at 2023-02-05 15:03:29 +0200
  [1m[36mActiveRecord::SchemaMigration Pluck (0.3ms)[0m  [1m[34mSELECT "schema_migrations"."version" FROM "schema_migrations" ORDER BY "schema_migrations"."version" ASC[0m
Processing by ReportsController#index as HTML
  Rendering layout layouts/application.html.erb
  Rendering reports/index.html.erb within layouts/application
  Rendered reports/index.html.erb within layouts/application (Duration: 33.2ms | Allocations: 5044)
  Rendered layout layouts/application.html.erb (Duration: 34.0ms | Allocations: 5152)
Completed 500 Internal Server Error in 64ms (ActiveRecord: 0.0ms | Allocations: 8394)


  
ActionView::Template::Error (undefined method `controller__path' for #<ActionView::Base:0x0000000000b658>

'.freeze;@output_buffer.append=( link_to "Button text", controller__path(param: "reports/report_by_category"), method: :post );
                                                        ^^^^^^^^^^^^^^^^
Did you mean?  controller_path
               controller_name):
    1: <h1>Reports#index</h1>
    2: <p>Find me in app/views/reports/index.html.erb</p>
    3: 
    4: <%= link_to "Button text", controller__path(param: "reports/report_by_category"), method: :post %>
  
app/views/reports/index.html.erb:4
Started GET "/reports/index" for 127.0.0.1 at 2023-02-05 15:03:31 +0200
Processing by ReportsController#index as HTML
  Rendering layout layouts/application.html.erb
  Rendering reports/index.html.erb within layouts/application
  Rendered reports/index.html.erb within layouts/application (Duration: 15.8ms | Allocations: 4308)
  Rendered layout layouts/application.html.erb (Duration: 16.4ms | Allocations: 4386)
Completed 500 Internal Server Error in 21ms (ActiveRecord: 0.0ms | Allocations: 4681)


  
ActionView::Template::Error (undefined method `controller__path' for #<ActionView::Base:0x0000000000b9c8>

'.freeze;@output_buffer.append=( link_to "Button text", controller__path(param: "reports/report_by_category"), method: :post );
                                                        ^^^^^^^^^^^^^^^^
Did you mean?  controller_path
               controller_name):
    1: <h1>Reports#index</h1>
    2: <p>Find me in app/views/reports/index.html.erb</p>
    3: 
    4: <%= link_to "Button text", controller__path(param: "reports/report_by_category"), method: :post %>
  
app/views/reports/index.html.erb:4
Started GET "/reports/index" for 127.0.0.1 at 2023-02-05 15:03:36 +0200
Processing by ReportsController#index as HTML
  Rendering layout layouts/application.html.erb
  Rendering reports/index.html.erb within layouts/application
  Rendered reports/index.html.erb within layouts/application (Duration: 11.8ms | Allocations: 1104)
  Rendered layout layouts/application.html.erb (Duration: 12.4ms | Allocations: 1191)
Completed 500 Internal Server Error in 25ms (ActiveRecord: 0.0ms | Allocations: 1971)


  
ActionView::Template::Error (wrong number of arguments (given 1, expected 0)):
    1: <h1>Reports#index</h1>
    2: <p>Find me in app/views/reports/index.html.erb</p>
    3: 
    4: <%= link_to "Button text", controller_path(param: "reports/report_by_category"), method: :post %>
  
app/views/reports/index.html.erb:4
Started GET "/reports/index" for 127.0.0.1 at 2023-02-05 15:03:52 +0200
Processing by ReportsController#index as HTML
  Rendering layout layouts/application.html.erb
  Rendering reports/index.html.erb within layouts/application
  Rendered reports/index.html.erb within layouts/application (Duration: 12.5ms | Allocations: 1098)
  Rendered layout layouts/application.html.erb (Duration: 13.2ms | Allocations: 1185)
Completed 500 Internal Server Error in 23ms (ActiveRecord: 0.0ms | Allocations: 1984)


  
ActionView::Template::Error (wrong number of arguments (given 1, expected 0)):
    1: <h1>Reports#index</h1>
    2: <p>Find me in app/views/reports/index.html.erb</p>
    3: 
    4: <%= link_to "Button text", controller_name(param: "reports/report_by_category"), method: :post %>
  
app/views/reports/index.html.erb:4
Started GET "/reports/index" for 127.0.0.1 at 2023-02-05 15:03:53 +0200
Processing by ReportsController#index as HTML
  Rendering layout layouts/application.html.erb
  Rendering reports/index.html.erb within layouts/application
  Rendered reports/index.html.erb within layouts/application (Duration: 0.5ms | Allocations: 960)
  Rendered layout layouts/application.html.erb (Duration: 1.0ms | Allocations: 1037)
Completed 500 Internal Server Error in 5ms (ActiveRecord: 0.0ms | Allocations: 1307)


  
ActionView::Template::Error (wrong number of arguments (given 1, expected 0)):
    1: <h1>Reports#index</h1>
    2: <p>Find me in app/views/reports/index.html.erb</p>
    3: 
    4: <%= link_to "Button text", controller_name(param: "reports/report_by_category"), method: :post %>
  
app/views/reports/index.html.erb:4
Started GET "/reports/index" for 127.0.0.1 at 2023-02-05 15:06:36 +0200
Processing by ReportsController#index as HTML
  Rendering layout layouts/application.html.erb
  Rendering reports/index.html.erb within layouts/application
  Rendered reports/index.html.erb within layouts/application (Duration: 10.0ms | Allocations: 111)
  Rendered layout layouts/application.html.erb (Duration: 132.8ms | Allocations: 36923)
Completed 200 OK in 145ms (Views: 140.7ms | ActiveRecord: 0.0ms | Allocations: 37772)


Started GET "/reports/index" for 127.0.0.1 at 2023-02-05 15:06:42 +0200
Processing by ReportsController#index as HTML
  Rendering layout layouts/application.html.erb
  Rendering reports/index.html.erb within layouts/application
  Rendered reports/index.html.erb within layouts/application (Duration: 38.4ms | Allocations: 5067)
  Rendered layout layouts/application.html.erb (Duration: 39.2ms | Allocations: 5153)
Completed 500 Internal Server Error in 52ms (ActiveRecord: 0.0ms | Allocations: 5954)


  
ActionView::Template::Error (undefined local variable or method `report_by_category_path' for #<ActionView::Base:0x0000000000cad0>

'.freeze;@output_buffer.append=( link_to "Report by Category", report_by_category_path, class: "btn btn-primary" );
                                                               ^^^^^^^^^^^^^^^^^^^^^^^
Did you mean?  reports_report_by_category_path):
    1: <h1>Reports#index</h1>
    2: <p>Find me in app/views/reports/index.html.erb</p>
    3: 
    4: <%= link_to "Report by Category", report_by_category_path, class: "btn btn-primary" %>
  
app/views/reports/index.html.erb:4
Started GET "/reports/index" for 127.0.0.1 at 2023-02-05 15:06:52 +0200
Processing by ReportsController#index as HTML
  Rendering layout layouts/application.html.erb
  Rendering reports/index.html.erb within layouts/application
  Rendered reports/index.html.erb within layouts/application (Duration: 81.6ms | Allocations: 5022)
  Rendered layout layouts/application.html.erb (Duration: 83.8ms | Allocations: 5108)
Completed 500 Internal Server Error in 142ms (ActiveRecord: 0.0ms | Allocations: 5900)


  
ActionView::Template::Error (undefined local variable or method `report_by_category_path' for #<ActionView::Base:0x0000000000ce40>

'.freeze;@output_buffer.append=( link_to "Report by Category", report_by_category_path );
                                                               ^^^^^^^^^^^^^^^^^^^^^^^
Did you mean?  reports_report_by_category_path):
    1: <h1>Reports#index</h1>
    2: <p>Find me in app/views/reports/index.html.erb</p>
    3: 
    4: <%= link_to "Report by Category", report_by_category_path %>
  
app/views/reports/index.html.erb:4
Started GET "/reports/index" for 127.0.0.1 at 2023-02-05 15:07:12 +0200
Processing by ReportsController#index as HTML
  Rendering layout layouts/application.html.erb
  Rendering reports/index.html.erb within layouts/application
  Rendered reports/index.html.erb within layouts/application (Duration: 11.8ms | Allocations: 188)
  Rendered layout layouts/application.html.erb (Duration: 24.0ms | Allocations: 3092)
Completed 200 OK in 34ms (Views: 30.2ms | ActiveRecord: 0.0ms | Allocations: 3913)


Started GET "/reports/reports/report_by_category" for 127.0.0.1 at 2023-02-05 15:07:13 +0200
  
ActionController::RoutingError (No route matches [GET] "/reports/reports/report_by_category"):
  
Started GET "/reports/index" for 127.0.0.1 at 2023-02-05 15:07:21 +0200
Processing by ReportsController#index as HTML
  Rendering layout layouts/application.html.erb
  Rendering reports/index.html.erb within layouts/application
  Rendered reports/index.html.erb within layouts/application (Duration: 0.2ms | Allocations: 32)
  Rendered layout layouts/application.html.erb (Duration: 13.9ms | Allocations: 2611)
Completed 200 OK in 19ms (Views: 15.1ms | ActiveRecord: 0.0ms | Allocations: 2925)


Started GET "/reports/reports/report_by_category" for 127.0.0.1 at 2023-02-05 15:07:27 +0200
  
ActionController::RoutingError (No route matches [GET] "/reports/reports/report_by_category"):
  
Started GET "/reports/index" for 127.0.0.1 at 2023-02-05 15:07:39 +0200
Processing by ReportsController#index as HTML
  Rendering layout layouts/application.html.erb
  Rendering reports/index.html.erb within layouts/application
  Rendered reports/index.html.erb within layouts/application (Duration: 11.0ms | Allocations: 184)
  Rendered layout layouts/application.html.erb (Duration: 23.4ms | Allocations: 3079)
Completed 200 OK in 36ms (Views: 31.0ms | ActiveRecord: 0.0ms | Allocations: 3881)


Started GET "/reports/report_by_category" for 127.0.0.1 at 2023-02-05 15:07:40 +0200
Processing by ReportsController#report_by_category as HTML
  Rendering layout layouts/application.html.erb
  Rendering reports/report_by_category.html.erb within layouts/application
  Rendered reports/report_by_category.html.erb within layouts/application (Duration: 0.9ms | Allocations: 83)
  Rendered layout layouts/application.html.erb (Duration: 11.9ms | Allocations: 2530)
Completed 200 OK in 17ms (Views: 12.8ms | ActiveRecord: 0.0ms | Allocations: 2880)


Started GET "/reports/report_by_category" for 127.0.0.1 at 2023-02-05 15:07:43 +0200
Processing by ReportsController#report_by_category as HTML
  Rendering layout layouts/application.html.erb
  Rendering reports/report_by_category.html.erb within layouts/application
  Rendered reports/report_by_category.html.erb within layouts/application (Duration: 0.0ms | Allocations: 7)
  Rendered layout layouts/application.html.erb (Duration: 9.3ms | Allocations: 2449)
Completed 200 OK in 14ms (Views: 10.2ms | ActiveRecord: 0.0ms | Allocations: 2726)


Started GET "/reports/index" for 127.0.0.1 at 2023-02-05 15:08:12 +0200
Processing by ReportsController#index as HTML
  Rendering layout layouts/application.html.erb
  Rendering reports/index.html.erb within layouts/application
  Rendered reports/index.html.erb within layouts/application (Duration: 11.1ms | Allocations: 197)
  Rendered layout layouts/application.html.erb (Duration: 25.4ms | Allocations: 3094)
Completed 200 OK in 35ms (Views: 31.1ms | ActiveRecord: 0.0ms | Allocations: 3902)


Started GET "/reports/index" for 127.0.0.1 at 2023-02-05 15:08:23 +0200
Processing by ReportsController#index as HTML
  Rendering layout layouts/application.html.erb
  Rendering reports/index.html.erb within layouts/application
  Rendered reports/index.html.erb within layouts/application (Duration: 2.2ms | Allocations: 183)
  Rendered layout layouts/application.html.erb (Duration: 14.6ms | Allocations: 3080)
Completed 200 OK in 26ms (Views: 21.0ms | ActiveRecord: 0.0ms | Allocations: 3907)


Started GET "/reports/index" for 127.0.0.1 at 2023-02-05 15:08:41 +0200
Processing by ReportsController#index as HTML
  Rendering layout layouts/application.html.erb
  Rendering reports/index.html.erb within layouts/application
  Rendered reports/index.html.erb within layouts/application (Duration: 7.0ms | Allocations: 111)
  Rendered layout layouts/application.html.erb (Duration: 24.8ms | Allocations: 3025)
Completed 200 OK in 38ms (Views: 32.7ms | ActiveRecord: 0.0ms | Allocations: 3852)


Started GET "/reports/index" for 127.0.0.1 at 2023-02-05 15:09:08 +0200
Processing by ReportsController#index as HTML
  Rendering layout layouts/application.html.erb
  Rendering reports/index.html.erb within layouts/application
  Rendered reports/index.html.erb within layouts/application (Duration: 7.9ms | Allocations: 185)
  Rendered layout layouts/application.html.erb (Duration: 23.4ms | Allocations: 3055)
Completed 200 OK in 36ms (Views: 31.9ms | ActiveRecord: 0.0ms | Allocations: 3882)


Started GET "/reports/report_by_category" for 127.0.0.1 at 2023-02-05 15:09:09 +0200
Processing by ReportsController#report_by_category as HTML
  Rendering layout layouts/application.html.erb
  Rendering reports/report_by_category.html.erb within layouts/application
  Rendered reports/report_by_category.html.erb within layouts/application (Duration: 1.2ms | Allocations: 82)
  Rendered layout layouts/application.html.erb (Duration: 10.5ms | Allocations: 2544)
Completed 200 OK in 16ms (Views: 11.6ms | ActiveRecord: 0.0ms | Allocations: 2894)


Started GET "/reports/index" for 127.0.0.1 at 2023-02-05 15:09:25 +0200
Processing by ReportsController#index as HTML
  Rendering layout layouts/application.html.erb
  Rendering reports/index.html.erb within layouts/application
  Rendered reports/index.html.erb within layouts/application (Duration: 15.5ms | Allocations: 220)
  Rendered layout layouts/application.html.erb (Duration: 27.6ms | Allocations: 3123)
Completed 200 OK in 40ms (Views: 34.4ms | ActiveRecord: 0.0ms | Allocations: 3931)


Started GET "/reports/index" for 127.0.0.1 at 2023-02-05 15:09:29 +0200
Processing by ReportsController#index as HTML
  Rendering layout layouts/application.html.erb
  Rendering reports/index.html.erb within layouts/application
  Rendered reports/index.html.erb within layouts/application (Duration: 16.0ms | Allocations: 219)
  Rendered layout layouts/application.html.erb (Duration: 30.1ms | Allocations: 3104)
Completed 200 OK in 42ms (Views: 36.6ms | Allocations: 3921)


Started GET "/reports/report_by_dates" for 127.0.0.1 at 2023-02-05 15:09:31 +0200
Processing by ReportsController#report_by_dates as HTML
  Rendering layout layouts/application.html.erb
  Rendering reports/report_by_dates.html.erb within layouts/application
  Rendered reports/report_by_dates.html.erb within layouts/application (Duration: 1.8ms | Allocations: 83)
  Rendered layout layouts/application.html.erb (Duration: 11.7ms | Allocations: 2527)
Completed 200 OK in 18ms (Views: 12.8ms | Allocations: 2873)


Started GET "/reports/index" for 127.0.0.1 at 2023-02-05 15:09:45 +0200
Processing by ReportsController#index as HTML
  Rendering layout layouts/application.html.erb
  Rendering reports/index.html.erb within layouts/application
  Rendered reports/index.html.erb within layouts/application (Duration: 0.1ms | Allocations: 46)
  Rendered layout layouts/application.html.erb (Duration: 10.6ms | Allocations: 2501)
Completed 200 OK in 17ms (Views: 12.0ms | Allocations: 2776)


Started GET "/reports/report_by_category" for 127.0.0.1 at 2023-02-05 15:09:47 +0200
Processing by ReportsController#report_by_category as HTML
  Rendering layout layouts/application.html.erb
  Rendering reports/report_by_category.html.erb within layouts/application
  Rendered reports/report_by_category.html.erb within layouts/application (Duration: 0.5ms | Allocations: 82)
  Rendered layout layouts/application.html.erb (Duration: 18.5ms | Allocations: 2559)
Completed 200 OK in 24ms (Views: 19.3ms | Allocations: 2887)


Started GET "/reports/index" for 127.0.0.1 at 2023-02-05 15:10:03 +0200
Processing by ReportsController#index as HTML
  Rendering layout layouts/application.html.erb
  Rendering reports/index.html.erb within layouts/application
  Rendered reports/index.html.erb within layouts/application (Duration: 14.9ms | Allocations: 225)
  Rendered layout layouts/application.html.erb (Duration: 28.2ms | Allocations: 3095)
Completed 200 OK in 42ms (Views: 35.6ms | Allocations: 3894)


Started GET "/reports/index" for 127.0.0.1 at 2023-02-05 15:10:42 +0200
Processing by ReportsController#index as HTML
  Rendering layout layouts/application.html.erb
  Rendering reports/index.html.erb within layouts/application
  Rendered reports/index.html.erb within layouts/application (Duration: 14.3ms | Allocations: 635)
  Rendered layout layouts/application.html.erb (Duration: 23.8ms | Allocations: 3300)
Completed 200 OK in 36ms (Views: 30.5ms | Allocations: 4117)


Started POST "/reports/report_by_dates" for 127.0.0.1 at 2023-02-05 15:10:43 +0200
  
ActionController::RoutingError (No route matches [POST] "/reports/report_by_dates"):
  
Started GET "/reports/index" for 127.0.0.1 at 2023-02-05 15:10:43 +0200
Processing by ReportsController#index as HTML
  Rendering layout layouts/application.html.erb
  Rendering reports/index.html.erb within layouts/application
  Rendered reports/index.html.erb within layouts/application (Duration: 0.8ms | Allocations: 380)
  Rendered layout layouts/application.html.erb (Duration: 12.3ms | Allocations: 2787)
Completed 200 OK in 17ms (Views: 13.3ms | Allocations: 3095)


Started POST "/reports/report_by_dates" for 127.0.0.1 at 2023-02-05 15:10:45 +0200
  
ActionController::RoutingError (No route matches [POST] "/reports/report_by_dates"):
  
Started GET "/reports/index" for 127.0.0.1 at 2023-02-05 15:10:45 +0200
Processing by ReportsController#index as HTML
  Rendering layout layouts/application.html.erb
  Rendering reports/index.html.erb within layouts/application
  Rendered reports/index.html.erb within layouts/application (Duration: 0.8ms | Allocations: 367)
  Rendered layout layouts/application.html.erb (Duration: 9.7ms | Allocations: 2669)
Completed 200 OK in 16ms (Views: 10.7ms | Allocations: 2941)


Started POST "/reports/report_by_dates" for 127.0.0.1 at 2023-02-05 15:10:46 +0200
  
ActionController::RoutingError (No route matches [POST] "/reports/report_by_dates"):
  
Started GET "/reports/index" for 127.0.0.1 at 2023-02-05 15:10:46 +0200
Processing by ReportsController#index as HTML
  Rendering layout layouts/application.html.erb
  Rendering reports/index.html.erb within layouts/application
  Rendered reports/index.html.erb within layouts/application (Duration: 0.9ms | Allocations: 349)
  Rendered layout layouts/application.html.erb (Duration: 11.7ms | Allocations: 2647)
Completed 200 OK in 16ms (Views: 12.6ms | Allocations: 2919)


Started GET "/reports/report_by_category" for 127.0.0.1 at 2023-02-05 15:10:50 +0200
Processing by ReportsController#report_by_category as HTML
  Rendering layout layouts/application.html.erb
  Rendering reports/report_by_category.html.erb within layouts/application
  Rendered reports/report_by_category.html.erb within layouts/application (Duration: 1.0ms | Allocations: 82)
  Rendered layout layouts/application.html.erb (Duration: 12.1ms | Allocations: 2547)
Completed 200 OK in 20ms (Views: 13.9ms | Allocations: 2875)


Started GET "/reports/index" for 127.0.0.1 at 2023-02-05 15:11:16 +0200
Processing by ReportsController#index as HTML
  Rendering layout layouts/application.html.erb
  Rendering reports/index.html.erb within layouts/application
  Rendered reports/index.html.erb within layouts/application (Duration: 17.3ms | Allocations: 1147)
  Rendered layout layouts/application.html.erb (Duration: 18.7ms | Allocations: 1234)
Completed 500 Internal Server Error in 32ms (Allocations: 2005)


  
ActionView::SyntaxErrorInTemplate (Encountered a syntax error while rendering template: check <h1>Reports#index</h1>
<p>Find me in app/views/reports/index.html.erb</p>

<button><%= link_to "Report by Category", "report_by_category" %></button>
<%= button_to "Report by Date", "report_by_dates" :method => :get %>

):
1:    <h1>Reports#index</h1>
2:    <p>Find me in app/views/reports/index.html.erb</p>
3:    
4:    <button><%= link_to "Report by Category", "report_by_category" %></button>
5:    <%= button_to "Report by Date", "report_by_dates" :method => :get %>
  
app/views/reports/index.html.erb:5: syntax error, unexpected ':', expecting ')'
app/views/reports/index.html.erb:5: void value expression
app/views/reports/index.html.erb:5: syntax error, unexpected ':', expecting ')'
app/views/reports/index.html.erb:5: void value expression
app/views/reports/index.html.erb:5: syntax error, unexpected ':', expecting ')'
app/views/reports/index.html.erb:5: void value expression
app/views/reports/index.html.erb:5: syntax error, unexpected ':', expecting ')'
app/views/reports/index.html.erb:5: void value expression
app/views/reports/index.html.erb:5: syntax error, unexpected ':', expecting ')'
app/views/reports/index.html.erb:5: void value expression
app/views/reports/index.html.erb:5: syntax error, unexpected ':', expecting ')'
app/views/reports/index.html.erb:5: void value expression
Started GET "/reports/index" for 127.0.0.1 at 2023-02-05 15:11:17 +0200
Processing by ReportsController#index as HTML
  Rendering layout layouts/application.html.erb
  Rendering reports/index.html.erb within layouts/application
  Rendered reports/index.html.erb within layouts/application (Duration: 3.8ms | Allocations: 1093)
  Rendered layout layouts/application.html.erb (Duration: 5.3ms | Allocations: 1171)
Completed 500 Internal Server Error in 10ms (Allocations: 1439)


  
ActionView::SyntaxErrorInTemplate (Encountered a syntax error while rendering template: check <h1>Reports#index</h1>
<p>Find me in app/views/reports/index.html.erb</p>

<button><%= link_to "Report by Category", "report_by_category" %></button>
<%= button_to "Report by Date", "report_by_dates" :method => :get %>

):
1:    <h1>Reports#index</h1>
2:    <p>Find me in app/views/reports/index.html.erb</p>
3:    
4:    <button><%= link_to "Report by Category", "report_by_category" %></button>
5:    <%= button_to "Report by Date", "report_by_dates" :method => :get %>
  
app/views/reports/index.html.erb:5: syntax error, unexpected ':', expecting ')'
app/views/reports/index.html.erb:5: void value expression
app/views/reports/index.html.erb:5: syntax error, unexpected ':', expecting ')'
app/views/reports/index.html.erb:5: void value expression
app/views/reports/index.html.erb:5: syntax error, unexpected ':', expecting ')'
app/views/reports/index.html.erb:5: void value expression
app/views/reports/index.html.erb:5: syntax error, unexpected ':', expecting ')'
app/views/reports/index.html.erb:5: void value expression
app/views/reports/index.html.erb:5: syntax error, unexpected ':', expecting ')'
app/views/reports/index.html.erb:5: void value expression
app/views/reports/index.html.erb:5: syntax error, unexpected ':', expecting ')'
app/views/reports/index.html.erb:5: void value expression
Started GET "/reports/index" for 127.0.0.1 at 2023-02-05 15:12:44 +0200
Processing by ReportsController#index as HTML
  Rendering layout layouts/application.html.erb
  Rendering reports/index.html.erb within layouts/application
  Rendered reports/index.html.erb within layouts/application (Duration: 12.5ms | Allocations: 609)
  Rendered layout layouts/application.html.erb (Duration: 25.2ms | Allocations: 3276)
Completed 200 OK in 34ms (Views: 30.6ms | Allocations: 4069)


Started POST "/reports/report_by_category" for 127.0.0.1 at 2023-02-05 15:12:46 +0200
  
ActionController::RoutingError (No route matches [POST] "/reports/report_by_category"):
  
Started GET "/reports/index" for 127.0.0.1 at 2023-02-05 15:12:46 +0200
Processing by ReportsController#index as HTML
  Rendering layout layouts/application.html.erb
  Rendering reports/index.html.erb within layouts/application
  Rendered reports/index.html.erb within layouts/application (Duration: 1.0ms | Allocations: 329)
  Rendered layout layouts/application.html.erb (Duration: 9.0ms | Allocations: 2629)
Completed 200 OK in 12ms (Views: 9.8ms | Allocations: 2919)


Started POST "/reports/report_by_category" for 127.0.0.1 at 2023-02-05 15:12:47 +0200
  
ActionController::RoutingError (No route matches [POST] "/reports/report_by_category"):
  
Started GET "/reports/index" for 127.0.0.1 at 2023-02-05 15:12:47 +0200
Processing by ReportsController#index as HTML
  Rendering layout layouts/application.html.erb
  Rendering reports/index.html.erb within layouts/application
  Rendered reports/index.html.erb within layouts/application (Duration: 0.5ms | Allocations: 362)
  Rendered layout layouts/application.html.erb (Duration: 9.3ms | Allocations: 2662)
Completed 200 OK in 13ms (Views: 10.2ms | Allocations: 2934)


Started POST "/reports/report_by_category" for 127.0.0.1 at 2023-02-05 15:12:48 +0200
  
ActionController::RoutingError (No route matches [POST] "/reports/report_by_category"):
  
Started GET "/reports/index" for 127.0.0.1 at 2023-02-05 15:12:48 +0200
Processing by ReportsController#index as HTML
  Rendering layout layouts/application.html.erb
  Rendering reports/index.html.erb within layouts/application
  Rendered reports/index.html.erb within layouts/application (Duration: 0.5ms | Allocations: 374)
  Rendered layout layouts/application.html.erb (Duration: 11.5ms | Allocations: 2674)
Completed 200 OK in 15ms (Views: 12.5ms | Allocations: 2946)


Started GET "/reports/index" for 127.0.0.1 at 2023-02-05 15:13:04 +0200
Processing by ReportsController#index as HTML
  Rendering layout layouts/application.html.erb
  Rendering reports/index.html.erb within layouts/application
  Rendered reports/index.html.erb within layouts/application (Duration: 9.7ms | Allocations: 573)
  Rendered layout layouts/application.html.erb (Duration: 21.0ms | Allocations: 3225)
Completed 200 OK in 33ms (Views: 30.2ms | Allocations: 4018)


Started POST "/reports/report_by_category" for 127.0.0.1 at 2023-02-05 15:13:05 +0200
  
ActionController::RoutingError (No route matches [POST] "/reports/report_by_category"):
  
Started GET "/reports/index" for 127.0.0.1 at 2023-02-05 15:13:05 +0200
Processing by ReportsController#index as HTML
  Rendering layout layouts/application.html.erb
  Rendering reports/index.html.erb within layouts/application
  Rendered reports/index.html.erb within layouts/application (Duration: 0.5ms | Allocations: 315)
  Rendered layout layouts/application.html.erb (Duration: 8.4ms | Allocations: 2615)
Completed 200 OK in 12ms (Views: 9.3ms | Allocations: 2905)


Started GET "/reports/index" for 127.0.0.1 at 2023-02-05 15:14:04 +0200
Processing by ReportsController#index as HTML
  Rendering layout layouts/application.html.erb
  Rendering reports/index.html.erb within layouts/application
  Rendered reports/index.html.erb within layouts/application (Duration: 15.2ms | Allocations: 212)
  Rendered layout layouts/application.html.erb (Duration: 26.9ms | Allocations: 3107)
Completed 200 OK in 41ms (Views: 35.2ms | Allocations: 3900)


Started GET "/reports/report_by_category" for 127.0.0.1 at 2023-02-05 15:14:05 +0200
Processing by ReportsController#report_by_category as HTML
  Rendering layout layouts/application.html.erb
  Rendering reports/report_by_category.html.erb within layouts/application
  Rendered reports/report_by_category.html.erb within layouts/application (Duration: 0.9ms | Allocations: 82)
  Rendered layout layouts/application.html.erb (Duration: 10.6ms | Allocations: 2525)
Completed 200 OK in 16ms (Views: 11.5ms | Allocations: 2871)


Started GET "/reports/index" for 127.0.0.1 at 2023-02-05 15:14:16 +0200
Processing by ReportsController#index as HTML
  Rendering layout layouts/application.html.erb
  Rendering reports/index.html.erb within layouts/application
  Rendered reports/index.html.erb within layouts/application (Duration: 15.9ms | Allocations: 268)
  Rendered layout layouts/application.html.erb (Duration: 27.2ms | Allocations: 3144)
Completed 200 OK in 41ms (Views: 35.6ms | Allocations: 3943)


Started GET "/reports/report_by_date" for 127.0.0.1 at 2023-02-05 15:14:18 +0200
  
ActionController::RoutingError (No route matches [GET] "/reports/report_by_date"):
  
Started GET "/reports/report_by_date" for 127.0.0.1 at 2023-02-05 15:14:24 +0200
  
ActionController::RoutingError (No route matches [GET] "/reports/report_by_date"):
  
Started GET "/reports/index" for 127.0.0.1 at 2023-02-05 15:14:26 +0200
Processing by ReportsController#index as HTML
  Rendering layout layouts/application.html.erb
  Rendering reports/index.html.erb within layouts/application
  Rendered reports/index.html.erb within layouts/application (Duration: 17.6ms | Allocations: 265)
  Rendered layout layouts/application.html.erb (Duration: 30.5ms | Allocations: 3174)
Completed 200 OK in 42ms (Views: 37.6ms | Allocations: 3950)


Started GET "/reports/report_by_dates" for 127.0.0.1 at 2023-02-05 15:14:27 +0200
Processing by ReportsController#report_by_dates as HTML
  Rendering layout layouts/application.html.erb
  Rendering reports/report_by_dates.html.erb within layouts/application
  Rendered reports/report_by_dates.html.erb within layouts/application (Duration: 1.0ms | Allocations: 83)
  Rendered layout layouts/application.html.erb (Duration: 14.3ms | Allocations: 2521)
Completed 200 OK in 22ms (Views: 16.7ms | Allocations: 2866)


  [1m[36mTRANSACTION (0.1ms)[0m  [1m[36mbegin transaction[0m
  [1m[36mCategory Exists? (0.2ms)[0m  [1m[34mSELECT 1 AS one FROM "categories" WHERE "categories"."name" = ? LIMIT ?[0m  [["name", "Продукты"], ["LIMIT", 1]]
  [1m[36mCategory Create (1.2ms)[0m  [1m[32mINSERT INTO "categories" ("name", "description", "created_at", "updated_at") VALUES (?, ?, ?, ?)[0m  [["name", "Продукты"], ["description", "Продукты питания"], ["created_at", "2023-02-05 13:17:40.583274"], ["updated_at", "2023-02-05 13:17:40.583274"]]
  [1m[36mTRANSACTION (3.9ms)[0m  [1m[36mcommit transaction[0m
  [1m[36mCategory Exists? (0.3ms)[0m  [1m[34mSELECT 1 AS one FROM "categories" WHERE "categories"."name" = ? AND "categories"."id" != ? LIMIT ?[0m  [["name", "Продукты"], ["id", 2], ["LIMIT", 1]]
  [1m[36mTRANSACTION (0.1ms)[0m  [1m[36mbegin transaction[0m
  [1m[36mCategory Load (1.3ms)[0m  [1m[34mSELECT "categories".* FROM "categories" WHERE "categories"."id" = ? LIMIT ?[0m  [["id", 2], ["LIMIT", 1]]
  [1m[36mOperation Create (1.7ms)[0m  [1m[32mINSERT INTO "operations" ("amount", "odate", "description", "category_id", "created_at", "updated_at") VALUES (?, ?, ?, ?, ?, ?)[0m  [["amount", 140.1], ["odate", "2017-06-01 08:30:00"], ["description", "Шоколад милка"], ["category_id", 2], ["created_at", "2023-02-05 13:22:13.353672"], ["updated_at", "2023-02-05 13:22:13.353672"]]
  [1m[36mTRANSACTION (3.0ms)[0m  [1m[36mcommit transaction[0m
Started GET "/reports/index" for 127.0.0.1 at 2023-02-05 15:25:05 +0200
  [1m[36mActiveRecord::SchemaMigration Pluck (0.3ms)[0m  [1m[34mSELECT "schema_migrations"."version" FROM "schema_migrations" ORDER BY "schema_migrations"."version" ASC[0m
Processing by ReportsController#index as HTML
  Rendering layout layouts/application.html.erb
  Rendering reports/index.html.erb within layouts/application
  Rendered reports/index.html.erb within layouts/application (Duration: 3.5ms | Allocations: 508)
  Rendered layout layouts/application.html.erb (Duration: 146.7ms | Allocations: 37535)
Completed 200 OK in 187ms (Views: 161.7ms | ActiveRecord: 0.0ms | Allocations: 40837)


Started GET "/reports/report_by_dates" for 127.0.0.1 at 2023-02-05 15:25:07 +0200
Processing by ReportsController#report_by_dates as HTML
  Rendering layout layouts/application.html.erb
  Rendering reports/report_by_dates.html.erb within layouts/application
  Rendered reports/report_by_dates.html.erb within layouts/application (Duration: 0.6ms | Allocations: 108)
  Rendered layout layouts/application.html.erb (Duration: 9.1ms | Allocations: 2778)
Completed 200 OK in 26ms (Views: 10.8ms | ActiveRecord: 0.0ms | Allocations: 5124)


Started GET "/reports/report_by_category" for 127.0.0.1 at 2023-02-05 15:25:15 +0200
Processing by ReportsController#report_by_category as HTML
  Rendering layout layouts/application.html.erb
  Rendering reports/report_by_category.html.erb within layouts/application
  [1m[36mOperation Load (0.3ms)[0m  [1m[34mSELECT "operations".* FROM "operations"[0m
  ↳ app/views/reports/report_by_category.html.erb:5
  Rendered reports/report_by_category.html.erb within layouts/application (Duration: 64.3ms | Allocations: 7973)
  Rendered layout layouts/application.html.erb (Duration: 65.0ms | Allocations: 8063)
Completed 500 Internal Server Error in 72ms (ActiveRecord: 2.5ms | Allocations: 8423)


  
ActionView::Template::Error (Missing partial reports/_operation, application/_operation with {:locale=>[:en], :formats=>[:html], :variants=>[], :handlers=>[:raw, :erb, :html, :builder, :ruby, :jbuilder]}.

Searched in:
  * "C:/rubyPrj/RubyPFM/app/views"
  * "C:/Ruby31-x64/lib/ruby/gems/3.1.0/gems/actiontext-7.0.4.2/app/views"
  * "C:/Ruby31-x64/lib/ruby/gems/3.1.0/gems/actionmailbox-7.0.4.2/app/views"

Did you mean?  operations/operation
               operations/form
               categories/category
               categories/form
               action_text/contents/content
               layouts/action_text/contents/content):
    3: 
    4: 
    5: <% @operations.each do |operation| %>
    6:     <%= render partial: "operation", locals: { product: operation } %>
    7: <% end %>
  
app/views/reports/report_by_category.html.erb:6
app/views/reports/report_by_category.html.erb:5
Started GET "/reports/report_by_category" for 127.0.0.1 at 2023-02-05 15:25:37 +0200
Processing by ReportsController#report_by_category as HTML
  Rendering layout layouts/application.html.erb
  Rendering reports/report_by_category.html.erb within layouts/application
  [1m[36mOperation Load (0.3ms)[0m  [1m[34mSELECT "operations".* FROM "operations"[0m
  ↳ app/views/reports/report_by_category.html.erb:5
  Rendered reports/report_by_category.html.erb within layouts/application (Duration: 42.5ms | Allocations: 2925)
  Rendered layout layouts/application.html.erb (Duration: 43.0ms | Allocations: 3009)
Completed 500 Internal Server Error in 57ms (ActiveRecord: 0.3ms | Allocations: 3823)


  
ActionView::Template::Error (Missing partial reports/_operation, application/_operation with {:locale=>[:en], :formats=>[:html], :variants=>[], :handlers=>[:raw, :erb, :html, :builder, :ruby, :jbuilder]}.

Searched in:
  * "C:/rubyPrj/RubyPFM/app/views"
  * "C:/Ruby31-x64/lib/ruby/gems/3.1.0/gems/actiontext-7.0.4.2/app/views"
  * "C:/Ruby31-x64/lib/ruby/gems/3.1.0/gems/actionmailbox-7.0.4.2/app/views"

Did you mean?  operations/operation
               operations/form
               categories/category
               categories/form
               action_text/contents/content
               layouts/action_text/contents/content):
    3: 
    4: 
    5: <% @operations.each do |operation| %>
    6:     <%= render partial: "operation", locals: { operation: operation } %>
    7: <% end %>
  
app/views/reports/report_by_category.html.erb:6
app/views/reports/report_by_category.html.erb:5
Started GET "/reports/report_by_category" for 127.0.0.1 at 2023-02-05 15:25:41 +0200
Processing by ReportsController#report_by_category as HTML
  Rendering layout layouts/application.html.erb
  Rendering reports/report_by_category.html.erb within layouts/application
  [1m[36mOperation Load (0.2ms)[0m  [1m[34mSELECT "operations".* FROM "operations"[0m
  ↳ app/views/reports/report_by_category.html.erb:5
  Rendered reports/report_by_category.html.erb within layouts/application (Duration: 19.2ms | Allocations: 2558)
  Rendered layout layouts/application.html.erb (Duration: 19.7ms | Allocations: 2636)
Completed 500 Internal Server Error in 23ms (ActiveRecord: 0.2ms | Allocations: 2932)


  
ActionView::Template::Error (Missing partial reports/_operation, application/_operation with {:locale=>[:en], :formats=>[:html], :variants=>[], :handlers=>[:raw, :erb, :html, :builder, :ruby, :jbuilder]}.

Searched in:
  * "C:/rubyPrj/RubyPFM/app/views"
  * "C:/Ruby31-x64/lib/ruby/gems/3.1.0/gems/actiontext-7.0.4.2/app/views"
  * "C:/Ruby31-x64/lib/ruby/gems/3.1.0/gems/actionmailbox-7.0.4.2/app/views"

Did you mean?  operations/operation
               operations/form
               categories/category
               categories/form
               action_text/contents/content
               layouts/action_text/contents/content):
    3: 
    4: 
    5: <% @operations.each do |operation| %>
    6:     <%= render partial: "operation", locals: { operation: operation } %>
    7: <% end %>
  
app/views/reports/report_by_category.html.erb:6
app/views/reports/report_by_category.html.erb:5
Started GET "/reports/report_by_category" for 127.0.0.1 at 2023-02-05 15:25:51 +0200
Processing by ReportsController#report_by_category as HTML
  Rendering layout layouts/application.html.erb
  Rendering reports/report_by_category.html.erb within layouts/application
  [1m[36mOperation Load (0.2ms)[0m  [1m[34mSELECT "operations".* FROM "operations"[0m
  ↳ app/views/reports/report_by_category.html.erb:5
  Rendered reports/report_by_category.html.erb within layouts/application (Duration: 40.0ms | Allocations: 2936)
  Rendered layout layouts/application.html.erb (Duration: 40.5ms | Allocations: 3019)
Completed 500 Internal Server Error in 49ms (ActiveRecord: 0.2ms | Allocations: 3796)


  
ActionView::Template::Error (Missing partial reports/_operation, application/_operation with {:locale=>[:en], :formats=>[:html], :variants=>[], :handlers=>[:raw, :erb, :html, :builder, :ruby, :jbuilder]}.

Searched in:
  * "C:/rubyPrj/RubyPFM/app/views"
  * "C:/Ruby31-x64/lib/ruby/gems/3.1.0/gems/actiontext-7.0.4.2/app/views"
  * "C:/Ruby31-x64/lib/ruby/gems/3.1.0/gems/actionmailbox-7.0.4.2/app/views"

Did you mean?  operations/operation
               operations/form
               categories/category
               categories/form
               action_text/contents/content
               layouts/action_text/contents/content):
    3: 
    4: 
    5: <% @operations.each do |operation| %>
    6:     <%= render partial: "operation", locals: { operation: operation.description } %>
    7: <% end %>
  
app/views/reports/report_by_category.html.erb:6
app/views/reports/report_by_category.html.erb:5
Started GET "/reports/report_by_category" for 127.0.0.1 at 2023-02-05 15:26:47 +0200
Processing by ReportsController#report_by_category as HTML
  Rendering layout layouts/application.html.erb
  Rendering reports/report_by_category.html.erb within layouts/application
  Rendered reports/report_by_category.html.erb within layouts/application (Duration: 33.6ms | Allocations: 2283)
  Rendered layout layouts/application.html.erb (Duration: 34.5ms | Allocations: 2370)
Completed 500 Internal Server Error in 45ms (ActiveRecord: 0.0ms | Allocations: 3190)


  
ActionView::Template::Error (Missing partial reports/_operation, application/_operation with {:locale=>[:en], :formats=>[:html], :variants=>[], :handlers=>[:raw, :erb, :html, :builder, :ruby, :jbuilder]}.

Searched in:
  * "C:/rubyPrj/RubyPFM/app/views"
  * "C:/Ruby31-x64/lib/ruby/gems/3.1.0/gems/actiontext-7.0.4.2/app/views"
  * "C:/Ruby31-x64/lib/ruby/gems/3.1.0/gems/actionmailbox-7.0.4.2/app/views"

Did you mean?  operations/operation
               operations/form
               categories/category
               categories/form
               action_text/contents/content
               layouts/action_text/contents/content):
    1: <h1>Reports#report_by_category</h1>
    2: <p>Find me in app/views/reports/report_by_category.html.erb</p>
    3: 
    4: <%= render partial: "operation", collection: @operations %>
  
app/views/reports/report_by_category.html.erb:4
Started GET "/reports/report_by_category" for 127.0.0.1 at 2023-02-05 15:27:12 +0200
Processing by ReportsController#report_by_category as HTML
  Rendering layout layouts/application.html.erb
  Rendering reports/report_by_category.html.erb within layouts/application
  [1m[36mOperation Load (0.3ms)[0m  [1m[34mSELECT "operations".* FROM "operations"[0m
  ↳ app/views/reports/report_by_category.html.erb:4
  Rendered collection of operations/_operation.html.erb [1 times] (Duration: 9.2ms | Allocations: 414)
  Rendered reports/report_by_category.html.erb within layouts/application (Duration: 21.2ms | Allocations: 1442)
  Rendered layout layouts/application.html.erb (Duration: 33.1ms | Allocations: 4357)
Completed 200 OK in 46ms (Views: 40.0ms | ActiveRecord: 0.3ms | Allocations: 5185)


Started GET "/reports/report_by_category" for 127.0.0.1 at 2023-02-05 15:27:32 +0200
Processing by ReportsController#report_by_category as HTML
  Rendering layout layouts/application.html.erb
  Rendering reports/report_by_category.html.erb within layouts/application
  Rendered reports/report_by_category.html.erb within layouts/application (Duration: 13.9ms | Allocations: 1166)
  Rendered layout layouts/application.html.erb (Duration: 14.5ms | Allocations: 1253)
Completed 500 Internal Server Error in 23ms (ActiveRecord: 0.0ms | Allocations: 2073)


  
ActionView::SyntaxErrorInTemplate (Encountered a syntax error while rendering template: check <h1>Reports#report_by_category</h1>
<p>Find me in app/views/reports/report_by_category.html.erb</p>

<%= render partial: "operation", collection: @operations %>
<% @operations.each do |operation| %>
    <%= render partial: "operation", operation %>
<% end %>

):
1:    <h1>Reports#report_by_category</h1>
2:    <p>Find me in app/views/reports/report_by_category.html.erb</p>
3:    
4:    <%= render partial: "operation", collection: @operations %>
5:    <% @operations.each do |operation| %>
6:        <%= render partial: "operation", operation %>
7:    <% end %>
  
app/views/reports/report_by_category.html.erb:6: syntax error, unexpected ')', expecting =>
app/views/reports/report_by_category.html.erb:7: syntax error, unexpected `end', expecting ')'
app/views/reports/report_by_category.html.erb:9: syntax error, unexpected `end', expecting ')'
app/views/reports/report_by_category.html.erb:6: syntax error, unexpected ')', expecting =>
app/views/reports/report_by_category.html.erb:7: syntax error, unexpected `end', expecting ')'
app/views/reports/report_by_category.html.erb:9: syntax error, unexpected `end', expecting ')'
app/views/reports/report_by_category.html.erb:6: syntax error, unexpected ')', expecting =>
app/views/reports/report_by_category.html.erb:7: syntax error, unexpected `end', expecting ')'
app/views/reports/report_by_category.html.erb:9: syntax error, unexpected `end', expecting ')'
app/views/reports/report_by_category.html.erb:6: syntax error, unexpected ')', expecting =>
app/views/reports/report_by_category.html.erb:7: syntax error, unexpected `end', expecting ')'
app/views/reports/report_by_category.html.erb:9: syntax error, unexpected `end', expecting ')'
app/views/reports/report_by_category.html.erb:6: syntax error, unexpected ')', expecting =>
app/views/reports/report_by_category.html.erb:7: syntax error, unexpected `end', expecting ')'
app/views/reports/report_by_category.html.erb:9: syntax error, unexpected `end', expecting ')'
app/views/reports/report_by_category.html.erb:6: syntax error, unexpected ')', expecting =>
app/views/reports/report_by_category.html.erb:7: syntax error, unexpected `end', expecting ')'
app/views/reports/report_by_category.html.erb:9: syntax error, unexpected `end', expecting ')'
Started GET "/reports/report_by_category" for 127.0.0.1 at 2023-02-05 15:27:41 +0200
Processing by ReportsController#report_by_category as HTML
  Rendering layout layouts/application.html.erb
  Rendering reports/report_by_category.html.erb within layouts/application
  Rendered reports/report_by_category.html.erb within layouts/application (Duration: 11.8ms | Allocations: 1154)
  Rendered layout layouts/application.html.erb (Duration: 13.0ms | Allocations: 1241)
Completed 500 Internal Server Error in 29ms (ActiveRecord: 0.0ms | Allocations: 2051)


  
ActionView::SyntaxErrorInTemplate (Encountered a syntax error while rendering template: check <h1>Reports#report_by_category</h1>
<p>Find me in app/views/reports/report_by_category.html.erb</p>

<%= render partial: "operation", collection: @operations %>
<% @operations.each do |operation| %>
    <%= render partial: "operation", operation.description %>
<% end %>

):
1:    <h1>Reports#report_by_category</h1>
2:    <p>Find me in app/views/reports/report_by_category.html.erb</p>
3:    
4:    <%= render partial: "operation", collection: @operations %>
5:    <% @operations.each do |operation| %>
6:        <%= render partial: "operation", operation.description %>
7:    <% end %>
  
app/views/reports/report_by_category.html.erb:6: syntax error, unexpected ')', expecting =>
app/views/reports/report_by_category.html.erb:7: syntax error, unexpected `end', expecting ')'
app/views/reports/report_by_category.html.erb:9: syntax error, unexpected `end', expecting ')'
app/views/reports/report_by_category.html.erb:6: syntax error, unexpected ')', expecting =>
app/views/reports/report_by_category.html.erb:7: syntax error, unexpected `end', expecting ')'
app/views/reports/report_by_category.html.erb:9: syntax error, unexpected `end', expecting ')'
app/views/reports/report_by_category.html.erb:6: syntax error, unexpected ')', expecting =>
app/views/reports/report_by_category.html.erb:7: syntax error, unexpected `end', expecting ')'
app/views/reports/report_by_category.html.erb:9: syntax error, unexpected `end', expecting ')'
app/views/reports/report_by_category.html.erb:6: syntax error, unexpected ')', expecting =>
app/views/reports/report_by_category.html.erb:7: syntax error, unexpected `end', expecting ')'
app/views/reports/report_by_category.html.erb:9: syntax error, unexpected `end', expecting ')'
app/views/reports/report_by_category.html.erb:6: syntax error, unexpected ')', expecting =>
app/views/reports/report_by_category.html.erb:7: syntax error, unexpected `end', expecting ')'
app/views/reports/report_by_category.html.erb:9: syntax error, unexpected `end', expecting ')'
app/views/reports/report_by_category.html.erb:6: syntax error, unexpected ')', expecting =>
app/views/reports/report_by_category.html.erb:7: syntax error, unexpected `end', expecting ')'
app/views/reports/report_by_category.html.erb:9: syntax error, unexpected `end', expecting ')'
Started GET "/reports/report_by_category" for 127.0.0.1 at 2023-02-05 15:27:51 +0200
Processing by ReportsController#report_by_category as HTML
  Rendering layout layouts/application.html.erb
  Rendering reports/report_by_category.html.erb within layouts/application
  Rendered reports/report_by_category.html.erb within layouts/application (Duration: 30.3ms | Allocations: 2255)
  Rendered layout layouts/application.html.erb (Duration: 30.9ms | Allocations: 2341)
Completed 500 Internal Server Error in 46ms (ActiveRecord: 0.0ms | Allocations: 3150)


  
ActionView::Template::Error (Missing partial reports/_operation, application/_operation with {:locale=>[:en], :formats=>[:html], :variants=>[], :handlers=>[:raw, :erb, :html, :builder, :ruby, :jbuilder]}.

Searched in:
  * "C:/rubyPrj/RubyPFM/app/views"
  * "C:/Ruby31-x64/lib/ruby/gems/3.1.0/gems/actiontext-7.0.4.2/app/views"
  * "C:/Ruby31-x64/lib/ruby/gems/3.1.0/gems/actionmailbox-7.0.4.2/app/views"

Did you mean?  operations/operation
               operations/form
               categories/category
               categories/form
               action_text/contents/content
               layouts/action_text/contents/content):
    1: <h1>Reports#report_by_category</h1>
    2: <p>Find me in app/views/reports/report_by_category.html.erb</p>
    3: 
    4: <%= render partial: "operation", collection: @operations %>
  
app/views/reports/report_by_category.html.erb:4
Started GET "/reports/report_by_category" for 127.0.0.1 at 2023-02-05 15:36:34 +0200
Processing by ReportsController#report_by_category as HTML
  Rendering layout layouts/application.html.erb
  Rendering reports/report_by_category.html.erb within layouts/application
  [1m[36mOperation Load (0.2ms)[0m  [1m[34mSELECT "operations".* FROM "operations"[0m
  ↳ app/views/reports/report_by_category.html.erb:4
  Rendered reports/report_by_category.html.erb within layouts/application (Duration: 23.3ms | Allocations: 4585)
  Rendered layout layouts/application.html.erb (Duration: 24.0ms | Allocations: 4668)
Completed 500 Internal Server Error in 50ms (ActiveRecord: 0.9ms | Allocations: 7831)


  
ActionView::Template::Error (uninitialized constant #<Class:0x000001c28e239cc0>::Article

    <h4>'.freeze;@output_buffer.append=( Article.find(operation.category_id).name );@output_buffer.safe_append='</h4>
                                         ^^^^^^^):
    4: <% @operations.each do |operation| %>
    5:   <div>
    6:     <h2><%= operation.description  %></h2>
    7:     <h4><%= Article.find(operation.category_id).name %></h4>
    8:     <p><%= operation.odate  %></p>
    9:     <p><%= operation.amount  %></p>
   10:   </div>
  
app/views/reports/report_by_category.html.erb:7
app/views/reports/report_by_category.html.erb:4
Started GET "/reports/report_by_category" for 127.0.0.1 at 2023-02-05 15:36:43 +0200
Processing by ReportsController#report_by_category as HTML
  Rendering layout layouts/application.html.erb
  Rendering reports/report_by_category.html.erb within layouts/application
  [1m[36mOperation Load (0.3ms)[0m  [1m[34mSELECT "operations".* FROM "operations"[0m
  ↳ app/views/reports/report_by_category.html.erb:4
  Rendered reports/report_by_category.html.erb within layouts/application (Duration: 13.2ms | Allocations: 877)
  Rendered layout layouts/application.html.erb (Duration: 65.3ms | Allocations: 15444)
Completed 200 OK in 78ms (Views: 72.0ms | ActiveRecord: 0.3ms | Allocations: 16296)


Started GET "/reports/report_by_category" for 127.0.0.1 at 2023-02-05 15:37:05 +0200
Processing by ReportsController#report_by_category as HTML
  Rendering layout layouts/application.html.erb
  Rendering reports/report_by_category.html.erb within layouts/application
  [1m[36mOperation Load (0.3ms)[0m  [1m[34mSELECT "operations".* FROM "operations"[0m
  ↳ app/views/reports/report_by_category.html.erb:4
  Rendered reports/report_by_category.html.erb within layouts/application (Duration: 16.3ms | Allocations: 2746)
  Rendered layout layouts/application.html.erb (Duration: 17.1ms | Allocations: 2829)
Completed 500 Internal Server Error in 26ms (ActiveRecord: 0.3ms | Allocations: 3648)


  
ActionView::Template::Error (uninitialized constant #<Class:0x000001c290432368>::Categorie

    <h4>'.freeze;@output_buffer.append=( Categorie.find(operation.category_id).name );@output_buffer.safe_append='</h4>
                                         ^^^^^^^^^):
    4: <% @operations.each do |operation| %>
    5:   <div>
    6:     <h2><%= operation.description  %></h2>
    7:     <h4><%= Categorie.find(operation.category_id).name %></h4>
    8:     <p><%= operation.odate  %></p>
    9:     <p><%= operation.amount  %></p>
   10:   </div>
  
app/views/reports/report_by_category.html.erb:7
app/views/reports/report_by_category.html.erb:4
Started GET "/reports/report_by_category" for 127.0.0.1 at 2023-02-05 15:37:27 +0200
Processing by ReportsController#report_by_category as HTML
  Rendering layout layouts/application.html.erb
  Rendering reports/report_by_category.html.erb within layouts/application
  [1m[36mOperation Load (0.4ms)[0m  [1m[34mSELECT "operations".* FROM "operations"[0m
  ↳ app/views/reports/report_by_category.html.erb:4
  [1m[36mCategory Load (0.8ms)[0m  [1m[34mSELECT "categories".* FROM "categories" WHERE "categories"."id" = ? LIMIT ?[0m  [["id", 2], ["LIMIT", 1]]
  ↳ app/views/reports/report_by_category.html.erb:7
  Rendered reports/report_by_category.html.erb within layouts/application (Duration: 160.4ms | Allocations: 10895)
  Rendered layout layouts/application.html.erb (Duration: 171.9ms | Allocations: 13839)
Completed 200 OK in 183ms (Views: 175.6ms | ActiveRecord: 2.9ms | Allocations: 14681)


Started GET "/reports/index" for 127.0.0.1 at 2023-02-05 15:37:39 +0200
Processing by ReportsController#index as HTML
  Rendering layout layouts/application.html.erb
  Rendering reports/index.html.erb within layouts/application
  Rendered reports/index.html.erb within layouts/application (Duration: 3.0ms | Allocations: 216)
  Rendered layout layouts/application.html.erb (Duration: 17.9ms | Allocations: 2663)
Completed 200 OK in 24ms (Views: 19.7ms | ActiveRecord: 0.0ms | Allocations: 3047)


Started GET "/reports/report_by_dates" for 127.0.0.1 at 2023-02-05 15:37:49 +0200
Processing by ReportsController#report_by_dates as HTML
  Rendering layout layouts/application.html.erb
  Rendering reports/report_by_dates.html.erb within layouts/application
  [1m[36mOperation Load (0.4ms)[0m  [1m[34mSELECT "operations".* FROM "operations"[0m
  ↳ app/views/reports/report_by_dates.html.erb:4
  [1m[36mCategory Load (0.3ms)[0m  [1m[34mSELECT "categories".* FROM "categories" WHERE "categories"."id" = ? LIMIT ?[0m  [["id", 2], ["LIMIT", 1]]
  ↳ app/views/reports/report_by_dates.html.erb:7
  Rendered reports/report_by_dates.html.erb within layouts/application (Duration: 22.5ms | Allocations: 1422)
  Rendered layout layouts/application.html.erb (Duration: 33.5ms | Allocations: 4329)
Completed 200 OK in 46ms (Views: 39.3ms | ActiveRecord: 0.7ms | Allocations: 5156)


Started GET "/reports/report_by_category" for 127.0.0.1 at 2023-02-05 15:37:51 +0200
Processing by ReportsController#report_by_category as HTML
  Rendering layout layouts/application.html.erb
  Rendering reports/report_by_category.html.erb within layouts/application
  [1m[36mOperation Load (0.3ms)[0m  [1m[34mSELECT "operations".* FROM "operations"[0m
  ↳ app/views/reports/report_by_category.html.erb:4
  [1m[36mCategory Load (0.2ms)[0m  [1m[34mSELECT "categories".* FROM "categories" WHERE "categories"."id" = ? LIMIT ?[0m  [["id", 2], ["LIMIT", 1]]
  ↳ app/views/reports/report_by_category.html.erb:7
  Rendered reports/report_by_category.html.erb within layouts/application (Duration: 5.3ms | Allocations: 1243)
  Rendered layout layouts/application.html.erb (Duration: 18.7ms | Allocations: 3690)
Completed 200 OK in 27ms (Views: 19.2ms | ActiveRecord: 0.5ms | Allocations: 4067)


  [1m[36mActiveRecord::SchemaMigration Pluck (0.4ms)[0m  [1m[34mSELECT "schema_migrations"."version" FROM "schema_migrations" ORDER BY "schema_migrations"."version" ASC[0m
Migrating to CreateUsers (20230206111757)
  [1m[36mTRANSACTION (0.1ms)[0m  [1m[36mbegin transaction[0m
  [1m[35m (2.6ms)[0m  [1m[35mCREATE TABLE "users" ("id" integer PRIMARY KEY AUTOINCREMENT NOT NULL, "name" varchar, "surname" varchar, "email" varchar, "created_at" datetime(6) NOT NULL, "updated_at" datetime(6) NOT NULL)[0m
  [1m[36mActiveRecord::SchemaMigration Create (0.3ms)[0m  [1m[32mINSERT INTO "schema_migrations" ("version") VALUES (?)[0m  [["version", "20230206111757"]]
  [1m[36mTRANSACTION (4.1ms)[0m  [1m[36mcommit transaction[0m
  [1m[36mActiveRecord::InternalMetadata Load (0.5ms)[0m  [1m[34mSELECT "ar_internal_metadata".* FROM "ar_internal_metadata" WHERE "ar_internal_metadata"."key" = ? LIMIT ?[0m  [["key", "environment"], ["LIMIT", 1]]
  [1m[36mActiveRecord::SchemaMigration Pluck (0.2ms)[0m  [1m[34mSELECT "schema_migrations"."version" FROM "schema_migrations" ORDER BY "schema_migrations"."version" ASC[0m
Started GET "/" for 127.0.0.1 at 2023-02-06 13:36:16 +0200
  [1m[36mActiveRecord::SchemaMigration Pluck (0.3ms)[0m  [1m[34mSELECT "schema_migrations"."version" FROM "schema_migrations" ORDER BY "schema_migrations"."version" ASC[0m
Processing by MainController#index as HTML
  Rendering layout layouts/application.html.erb
  Rendering main/index.html.erb within layouts/application
  Rendered main/index.html.erb within layouts/application (Duration: 17.1ms | Allocations: 438)
  Rendered layout layouts/application.html.erb (Duration: 583.1ms | Allocations: 49091)
Completed 200 OK in 709ms (Views: 628.9ms | ActiveRecord: 0.0ms | Allocations: 53871)


Started GET "/users/new" for 127.0.0.1 at 2023-02-06 13:36:34 +0200
Processing by UsersController#new as HTML
  Rendering layout layouts/application.html.erb
  Rendering users/new.html.erb within layouts/application
  Rendered users/new.html.erb within layouts/application (Duration: 48.0ms | Allocations: 3802)
  Rendered layout layouts/application.html.erb (Duration: 48.6ms | Allocations: 3898)
Completed 500 Internal Server Error in 84ms (ActiveRecord: 0.8ms | Allocations: 9908)


  
ActionView::Template::Error (undefined method `lable' for #<ActionView::Helpers::FormBuilder:0x000002242df86508 @nested_child_index={}, @options={:allow_method_names_outside_object=>true, :skip_default_ids=>false}, @template=#<ActionView::Base:0x0000000000bba8>, @object=#<User id: nil, name: nil, surname: nil, email: nil, created_at: nil, updated_at: nil>, @object_name="user", @default_options={:skip_default_ids=>false, :allow_method_names_outside_object=>true}, @default_html_options={}, @multipart=nil, @index=nil>
Did you mean?  label):
     5:     <div class = "mt">
     6: 
     7:         <%= form_with model: @user do |form|%>
     8:             <p><%= form.lable :name, 'Ваше имя' %></p>
     9:             <p><%= form.text_field :name, class: 'form-text-field'%></p>
    10: 
    11:             <p class = "mt"><%= form.lable :surname, 'Вашу Фамилию' %></p>
  
app/views/users/new.html.erb:8
app/views/users/new.html.erb:7
Started GET "/users/new" for 127.0.0.1 at 2023-02-06 13:37:33 +0200
Processing by UsersController#new as HTML
  Rendering layout layouts/application.html.erb
  Rendering users/new.html.erb within layouts/application
  Rendered users/new.html.erb within layouts/application (Duration: 26.9ms | Allocations: 2731)
  Rendered layout layouts/application.html.erb (Duration: 27.9ms | Allocations: 2818)
Completed 500 Internal Server Error in 39ms (ActiveRecord: 0.0ms | Allocations: 3649)


  
ActionView::Template::Error (undefined method `lable' for #<ActionView::Helpers::FormBuilder:0x0000022432116a18 @nested_child_index={}, @options={:allow_method_names_outside_object=>true, :skip_default_ids=>false}, @template=#<ActionView::Base:0x0000000000bf18>, @object=#<User id: nil, name: nil, surname: nil, email: nil, created_at: nil, updated_at: nil>, @object_name="user", @default_options={:skip_default_ids=>false, :allow_method_names_outside_object=>true}, @default_html_options={}, @multipart=nil, @index=nil>
Did you mean?  label):
     5:     <div class = "mt">
     6: 
     7:         <%= form_with model: @user do |form| %>
     8:             <p><%= form.lable :name, 'Ваше имя' %></p>
     9:             <p><%= form.text_field :name, class: 'form-text-field'%></p>
    10: 
    11:             <p class = "mt"><%= form.lable :surname, 'Вашу Фамилию' %></p>
  
app/views/users/new.html.erb:8
app/views/users/new.html.erb:7
Started GET "/users/new" for 127.0.0.1 at 2023-02-06 13:37:34 +0200
Processing by UsersController#new as HTML
  Rendering layout layouts/application.html.erb
  Rendering users/new.html.erb within layouts/application
  Rendered users/new.html.erb within layouts/application (Duration: 1.9ms | Allocations: 2376)
  Rendered layout layouts/application.html.erb (Duration: 2.2ms | Allocations: 2453)
Completed 500 Internal Server Error in 5ms (ActiveRecord: 0.0ms | Allocations: 2746)


  
ActionView::Template::Error (undefined method `lable' for #<ActionView::Helpers::FormBuilder:0x00000224301c3f30 @nested_child_index={}, @options={:allow_method_names_outside_object=>true, :skip_default_ids=>false}, @template=#<ActionView::Base:0x0000000000c238>, @object=#<User id: nil, name: nil, surname: nil, email: nil, created_at: nil, updated_at: nil>, @object_name="user", @default_options={:skip_default_ids=>false, :allow_method_names_outside_object=>true}, @default_html_options={}, @multipart=nil, @index=nil>
Did you mean?  label):
     5:     <div class = "mt">
     6: 
     7:         <%= form_with model: @user do |form| %>
     8:             <p><%= form.lable :name, 'Ваше имя' %></p>
     9:             <p><%= form.text_field :name, class: 'form-text-field'%></p>
    10: 
    11:             <p class = "mt"><%= form.lable :surname, 'Вашу Фамилию' %></p>
  
app/views/users/new.html.erb:8
app/views/users/new.html.erb:7
Started GET "/users/new" for 127.0.0.1 at 2023-02-06 13:37:48 +0200
Processing by UsersController#new as HTML
  Rendering layout layouts/application.html.erb
  Rendering users/new.html.erb within layouts/application
  Rendered users/new.html.erb within layouts/application (Duration: 27.0ms | Allocations: 1265)
  Rendered layout layouts/application.html.erb (Duration: 27.5ms | Allocations: 1353)
Completed 500 Internal Server Error in 36ms (ActiveRecord: 0.0ms | Allocations: 2158)


  
ActionView::SyntaxErrorInTemplate (Encountered a syntax error while rendering template: check 
<div class="container">
    <h2 class = "title"> Регистрация</h2>  

    <div class = "mt">

        <%= form_with model: @user do |form| %>
            <p><%= form.lable :name 'Ваше имя' %></p>
            <p><%= form.text_field :name, class: 'form-text-field'%></p>

            <p class = "mt"><%= form.lable :surname, 'Вашу Фамилию' %></p>
            <p><%= form.text_field :surname, class: 'form-text-field'%></p>

            <p><%= form.lable :email %></p>
            <p><%= form.text_field :email, class: 'form-text-field'%></p>

            <p class = "mt-lg"><%= form.submit 'Зарегестрироваться', class: 'button button-main' %></p>


        <% end %>
    </div>
</div>
):
1:    
2:    <div class="container">
3:        <h2 class = "title"> Регистрация</h2>  
4:    
5:        <div class = "mt">
6:    
7:            <%= form_with model: @user do |form| %>
8:                <p><%= form.lable :name 'Ваше имя' %></p>
9:                <p><%= form.text_field :name, class: 'form-text-field'%></p>
10:    
11:                <p class = "mt"><%= form.lable :surname, 'Вашу Фамилию' %></p>
12:                <p><%= form.text_field :surname, class: 'form-text-field'%></p>
13:    
14:                <p><%= form.lable :email %></p>
15:                <p><%= form.text_field :email, class: 'form-text-field'%></p>
16:    
17:                <p class = "mt-lg"><%= form.submit 'Зарегестрироваться', class: 'button button-main' %></p>
18:    
19:    
20:            <% end %>
21:        </div>
22:    </div>
  
app/views/users/new.html.erb:8: syntax error, unexpected string literal, expecting ')'
app/views/users/new.html.erb:8: syntax error, unexpected string literal, expecting ')'
app/views/users/new.html.erb:8: syntax error, unexpected string literal, expecting ')'
app/views/users/new.html.erb:8: syntax error, unexpected string literal, expecting ')'
app/views/users/new.html.erb:8: syntax error, unexpected string literal, expecting ')'
app/views/users/new.html.erb:8: syntax error, unexpected string literal, expecting ')'
Started GET "/users/new" for 127.0.0.1 at 2023-02-06 13:38:21 +0200
Processing by UsersController#new as HTML
  Rendering layout layouts/application.html.erb
  Rendering users/new.html.erb within layouts/application
  Rendered users/new.html.erb within layouts/application (Duration: 3.5ms | Allocations: 2730)
  Rendered layout layouts/application.html.erb (Duration: 3.9ms | Allocations: 2816)
Completed 500 Internal Server Error in 14ms (ActiveRecord: 0.0ms | Allocations: 3632)


  
ActionView::Template::Error (undefined method `lable' for #<ActionView::Helpers::FormBuilder:0x00000224329446e0 @nested_child_index={}, @options={:allow_method_names_outside_object=>true, :skip_default_ids=>false}, @template=#<ActionView::Base:0x0000000000c918>, @object=#<User id: nil, name: nil, surname: nil, email: nil, created_at: nil, updated_at: nil>, @object_name="user", @default_options={:skip_default_ids=>false, :allow_method_names_outside_object=>true}, @default_html_options={}, @multipart=nil, @index=nil>
Did you mean?  label):
     5:     <div class = "mt">
     6: 
     7:         <%= form_with model: @user do |form| %>
     8:             <p><%= form.lable :name, 'Ваше имя' %></p>
     9:             <p><%= form.text_field :name, class: 'form-text-field'%></p>
    10: 
    11:             <p class = "mt"><%= form.lable :surname, 'Вашу Фамилию' %></p>
  
app/views/users/new.html.erb:8
app/views/users/new.html.erb:7
Started GET "/users/new" for 127.0.0.1 at 2023-02-06 13:38:33 +0200
Processing by UsersController#new as HTML
  Rendering layout layouts/application.html.erb
  Rendering users/new.html.erb within layouts/application
  Rendered users/new.html.erb within layouts/application (Duration: 160.5ms | Allocations: 8692)
  Rendered layout layouts/application.html.erb (Duration: 161.3ms | Allocations: 8788)
Completed 500 Internal Server Error in 172ms (ActiveRecord: 0.0ms | Allocations: 9615)


  
ActionView::Template::Error (undefined method `lable' for #<ActionView::Helpers::FormBuilder:0x0000022432217e80 @nested_child_index={}, @options={:allow_method_names_outside_object=>true, :skip_default_ids=>false}, @template=#<ActionView::Base:0x0000000000cc38>, @object=#<User id: nil, name: nil, surname: nil, email: nil, created_at: nil, updated_at: nil>, @object_name="user", @default_options={:skip_default_ids=>false, :allow_method_names_outside_object=>true}, @default_html_options={}, @multipart=nil, @index=nil>
Did you mean?  label):
     8:             <p><%= form.label :name, 'Ваше имя' %></p>
     9:             <p><%= form.text_field :name, class: 'form-text-field'%></p>
    10: 
    11:             <p class = "mt"><%= form.lable :surname, 'Вашу Фамилию' %></p>
    12:             <p><%= form.text_field :surname, class: 'form-text-field'%></p>
    13: 
    14:             <p><%= form.lable :email %></p>
  
app/views/users/new.html.erb:11
app/views/users/new.html.erb:7
Started GET "/users/new" for 127.0.0.1 at 2023-02-06 13:38:39 +0200
Processing by UsersController#new as HTML
  Rendering layout layouts/application.html.erb
  Rendering users/new.html.erb within layouts/application
  Rendered users/new.html.erb within layouts/application (Duration: 71.4ms | Allocations: 3968)
  Rendered layout layouts/application.html.erb (Duration: 80.6ms | Allocations: 6696)
Completed 200 OK in 92ms (Views: 88.6ms | ActiveRecord: 0.0ms | Allocations: 7551)


Started GET "/users/new" for 127.0.0.1 at 2023-02-06 13:38:52 +0200
Processing by UsersController#new as HTML
  Rendering layout layouts/application.html.erb
  Rendering users/new.html.erb within layouts/application
  Rendered users/new.html.erb within layouts/application (Duration: 29.3ms | Allocations: 1433)
  Rendered layout layouts/application.html.erb (Duration: 41.1ms | Allocations: 4113)
Completed 200 OK in 50ms (Views: 46.4ms | ActiveRecord: 0.0ms | Allocations: 4991)


Started GET "/users/new" for 127.0.0.1 at 2023-02-06 13:39:01 +0200
Processing by UsersController#new as HTML
  Rendering layout layouts/application.html.erb
  Rendering users/new.html.erb within layouts/application
  Rendered users/new.html.erb within layouts/application (Duration: 23.7ms | Allocations: 1407)
  Rendered layout layouts/application.html.erb (Duration: 34.0ms | Allocations: 4086)
Completed 200 OK in 45ms (Views: 40.7ms | ActiveRecord: 0.0ms | Allocations: 4938)


Started POST "/users" for 127.0.0.1 at 2023-02-06 13:40:57 +0200
  
SyntaxError (C:/Ruby/RubyPFM/app/controllers/users_controller.rb:14: unterminated string meets end of file
C:/Ruby/RubyPFM/app/controllers/users_controller.rb:14: syntax error, unexpected end-of-input, expecting `end'):
  
app/controllers/users_controller.rb:14: unterminated string meets end of file
app/controllers/users_controller.rb:14: syntax error, unexpected end-of-input, expecting `end'
app/controllers/users_controller.rb:14: unterminated string meets end of file
app/controllers/users_controller.rb:14: syntax error, unexpected end-of-input, expecting `end'
app/controllers/users_controller.rb:14: unterminated string meets end of file
app/controllers/users_controller.rb:14: syntax error, unexpected end-of-input, expecting `end'
Started GET "/users/new" for 127.0.0.1 at 2023-02-06 13:41:13 +0200
Processing by UsersController#new as HTML
  Rendering layout layouts/application.html.erb
  Rendering users/new.html.erb within layouts/application
  Rendered users/new.html.erb within layouts/application (Duration: 2.4ms | Allocations: 1216)
  Rendered layout layouts/application.html.erb (Duration: 38.1ms | Allocations: 15349)
Completed 200 OK in 51ms (Views: 41.9ms | ActiveRecord: 1.1ms | Allocations: 18619)


Started POST "/users" for 127.0.0.1 at 2023-02-06 13:41:14 +0200
Processing by UsersController#create as TURBO_STREAM
  Parameters: {"authenticity_token"=>"[FILTERED]", "user"=>{"name"=>"Vlad", "surname"=>"Roschupkin", "email"=>"vlaros19992004@gmail.com"}, "commit"=>"Зарегестрироваться"}
  [1m[36mTRANSACTION (0.1ms)[0m  [1m[36mbegin transaction[0m
  ↳ app/controllers/users_controller.rb:9:in `create'
  [1m[36mUser Create (1.1ms)[0m  [1m[32mINSERT INTO "users" ("name", "surname", "email", "created_at", "updated_at") VALUES (?, ?, ?, ?, ?)[0m  [["name", "Vlad"], ["surname", "Roschupkin"], ["email", "vlaros19992004@gmail.com"], ["created_at", "2023-02-06 11:41:14.800549"], ["updated_at", "2023-02-06 11:41:14.800549"]]
  ↳ app/controllers/users_controller.rb:9:in `create'
  [1m[36mTRANSACTION (2.5ms)[0m  [1m[36mcommit transaction[0m
  ↳ app/controllers/users_controller.rb:9:in `create'
Redirected to http://127.0.0.1:3000/
Completed 302 Found in 13ms (ActiveRecord: 3.7ms | Allocations: 3549)


Started GET "/" for 127.0.0.1 at 2023-02-06 13:41:14 +0200
Processing by MainController#index as TURBO_STREAM
  Rendering layout layouts/application.html.erb
  Rendering main/index.html.erb within layouts/application
  Rendered main/index.html.erb within layouts/application (Duration: 0.6ms | Allocations: 110)
  Rendered layout layouts/application.html.erb (Duration: 8.8ms | Allocations: 2900)
Completed 200 OK in 18ms (Views: 13.9ms | ActiveRecord: 0.0ms | Allocations: 3698)


  [1m[36mUser Load (0.2ms)[0m  [1m[34mSELECT "users".* FROM "users"[0m
